# L1TReEmul sequence:  
# simEcalTriggerPrimitiveDigis+simHcalTriggerPrimitiveDigis+simCaloStage2Layer1Digis+simCaloStage2Digis+simDtTriggerPrimitiveDigis+simCscTriggerPrimitiveDigis+simTwinMuxDigis+simBmtfDigis+simEmtfDigis+simOmtfDigis+simGmtCaloSumDigis+simGmtStage2Digis+simGtExtFakeStage2Digis+simGtStage2Digis
# cms.Schedule(*[ process.raw2digi_step, process.endjob_step, process.L1TReEmulPath ], tasks=[process.patAlgosToolsTask])

DEBUG 2018-09-26 20:45:02,116: 	 Executing command: 'submit'
DEBUG 2018-09-26 20:45:02,116: 	 Found CRAB cache file /afs/cern.ch/user/s/szhaozho/.crab3
DEBUG 2018-09-26 20:45:02,122: 	 Checking credentials
DEBUG 2018-09-26 20:45:02,123: 	 Found proxy file /tmp/x509up_u97569
DEBUG 2018-09-26 20:45:02,123: 	 Getting proxy life time left
DEBUG 2018-09-26 20:45:02,834: 	 Executing : 
 command : voms-proxy-info -file /tmp/x509up_u97569 -timeleft
 output : 689882

 error: 
 retcode : 0
DEBUG 2018-09-26 20:45:03,542: 	 Executing : 
 command : voms-proxy-info -file /tmp/x509up_u97569 -actimeleft
 output : 689881

 error: 
 retcode : 0
DEBUG 2018-09-26 20:45:03,542: 	 Proxy valid for 191:38:02 hours
INFO 2018-09-26 20:45:03,543: 	 Will use CRAB configuration file crabConfig_TEMPLATE.py
DEBUG 2018-09-26 20:45:03,543: 	 Loading CRAB configuration file.
DEBUG 2018-09-26 20:45:03,550: 	 Will use CRAB Analysis plugin (i.e. will run an analysis job type).
DEBUG 2018-09-26 20:45:03,676: 	 Executing : 
 command : openssl x509 -in ~/.globus/usercert.pem -subject -noout
 output : subject= /DC=ch/DC=cern/OU=Organic Units/OU=Users/CN=szhaozho/CN=814893/CN=Zhaozhong Shi

 error: 
 retcode : 0
DEBUG 2018-09-26 20:45:03,676: 	 Checking credentials
DEBUG 2018-09-26 20:45:03,677: 	 Found proxy file /tmp/x509up_u97569
DEBUG 2018-09-26 20:45:03,677: 	 Getting proxy life time left
DEBUG 2018-09-26 20:45:04,383: 	 Executing : 
 command : voms-proxy-info -file /tmp/x509up_u97569 -timeleft
 output : 689880

 error: 
 retcode : 0
DEBUG 2018-09-26 20:45:05,091: 	 Executing : 
 command : voms-proxy-info -file /tmp/x509up_u97569 -actimeleft
 output : 689879

 error: 
 retcode : 0
DEBUG 2018-09-26 20:45:05,092: 	 Proxy valid for 191:38:00 hours
DEBUG 2018-09-26 20:45:05,799: 	 Executing : 
 command : env X509_USER_PROXY=/tmp/x509up_u97569 voms-proxy-info -fqan
 output : /cms/Role=NULL/Capability=NULL

 error: 
 retcode : 0
DEBUG 2018-09-26 20:45:06,745: 	 Registering user credentials for server /DC=ch/DC=cern/OU=computers/CN=vocms(052|031|0118|0105|0109).cern.ch|/DC=ch/DC=cern/OU=computers/CN=crab-(preprod|prod)-tw(02|01).cern.ch
DEBUG 2018-09-26 20:45:06,854: 	 Executing : 
 command : openssl x509 -in ~/.globus/usercert.pem -subject -noout
 output : subject= /DC=ch/DC=cern/OU=Organic Units/OU=Users/CN=szhaozho/CN=814893/CN=Zhaozhong Shi

 error: 
 retcode : 0
DEBUG 2018-09-26 20:45:06,854: 	 Getting myproxy life time left for myproxy.cern.ch
DEBUG 2018-09-26 20:45:06,854: 	 Calculating hash of /DC=ch/DC=cern/OU=Organic Units/OU=Users/CN=szhaozho/CN=814893/CN=Zhaozhong Shi_cmsweb.cern.ch for credential name
DEBUG 2018-09-26 20:45:07,158: 	 Executing : 
 command : myproxy-info -l 7b00d42b83b38dab118b5c0b64b86724cb6e0414 -s myproxy.cern.ch
 output : username: 7b00d42b83b38dab118b5c0b64b86724cb6e0414
owner: /DC=ch/DC=cern/OU=Organic Units/OU=Users/CN=szhaozho/CN=814893/CN=Zhaozhong Shi
  renewal policy: /DC=ch/DC=cern/OU=computers/CN=vocms(052|031|0118|0105|0109).cern.ch|/DC=ch/DC=cern/OU=computers/CN=crab-(preprod|prod)-tw(02|01).cern.ch
  trusted retrieval policy: /DC=ch/DC=cern/OU=computers/CN=vocms(052|031|0118|0105|0109).cern.ch|/DC=ch/DC=cern/OU=computers/CN=crab-(preprod|prod)-tw(02|01).cern.ch
  timeleft: 544:22:23  (22.7 days)

 error: 
 retcode : 0
DEBUG 2018-09-26 20:45:07,159: 	 Myproxy is valid: 1959743
DEBUG 2018-09-26 20:45:07,159: 	 Command use: submit
DEBUG 2018-09-26 20:45:07,159: 	 Options use: ['-c', 'crabConfig_TEMPLATE.py']
DEBUG 2018-09-26 20:45:08,095: 	 CRABClient version: 3.3.1809
DEBUG 2018-09-26 20:45:08,095: 	 Instance is prod
DEBUG 2018-09-26 20:45:08,096: 	 Server base url is cmsweb.cern.ch
DEBUG 2018-09-26 20:45:08,096: 	 Command url /crabserver/prod/workflow
DEBUG 2018-09-26 20:45:08,096: 	 Started submission
DEBUG 2018-09-26 20:45:08,096: 	 Working on /afs/cern.ch/work/s/szhaozho/DataReEmulation/CMSSW_10_1_5/src/XeXe/crab_20180926_204503
DEBUG 2018-09-26 20:45:09,024: 	 Loading required information from the environment
DEBUG 2018-09-26 20:45:09,024: 	 Found CMSSW_10_1_5 for slc6_amd64_gcc630 with base /afs/cern.ch/work/s/szhaozho/DataReEmulation/CMSSW_10_1_5
DEBUG 2018-09-26 20:45:09,025: 	 Loading required information from the environment
DEBUG 2018-09-26 20:45:09,025: 	 Found CMSSW_10_1_5 for slc6_amd64_gcc630 with base /afs/cern.ch/work/s/szhaozho/DataReEmulation/CMSSW_10_1_5
DEBUG 2018-09-26 20:45:09,043: 	 UNIQUE NAME: tarUUID e4bd4c89-e348-4738-9387-17f4fe185b28 
DEBUG 2018-09-26 20:45:09,043: 	 self.config: from WMCore.Configuration import Configuration
config = Configuration()
config.section_('General')
config.General.transferOutputs = True
config.section_('JobType')
config.JobType.psetName = 'l1Ntuple_XeXe_ChunkyDonut_HiMode0_RAW2DIGI.py'
config.JobType.pluginName = 'Analysis'
config.JobType.outputFiles = ['XeXeL1Ntuple.root']
config.JobType.maxMemoryMB = 4000
config.section_('Data')
config.Data.inputDataset = '/HIZeroBias/XeXeRun2017-v1/RAW'
config.Data.outputDatasetTag = 'XeXeZB'
config.Data.totalUnits = -1
config.Data.unitsPerJob = 1
config.Data.splitting = 'EventAwareLumiBased'
config.Data.inputDBS = 'global'
config.Data.outLFNDirBase = '/store/group/phys_heavyions/zshi/MBTrigger/L1NutpleXeXeZB'
config.Data.runRange = '304878-304880'
config.Data.publication = False
config.section_('Site')
config.Site.whitelist = ['T2_US_MIT', 'T2_DE_RWTH', 'T2_UK_London_Brunel', 'T2_FR_GRIF_LLR', 'T2_US_Nebraska', 'T2_CH_CERN', 'T2_US_Vanderbilt', 'T2_US_Purdue']
config.Site.storageSite = 'T2_US_MIT'
config.section_('User')
config.section_('Debug')

DEBUG 2018-09-26 20:45:09,043: 	 self.config.JobType.psetName: l1Ntuple_XeXe_ChunkyDonut_HiMode0_RAW2DIGI.py
INFO 2018-09-26 20:45:09,043: 	 Importing CMSSW configuration l1Ntuple_XeXe_ChunkyDonut_HiMode0_RAW2DIGI.py
INFO 2018-09-26 20:45:11,100: 	 Finished importing CMSSW configuration l1Ntuple_XeXe_ChunkyDonut_HiMode0_RAW2DIGI.py
DEBUG 2018-09-26 20:45:11,100: 	 Writing CMSSW configuration to /afs/cern.ch/work/s/szhaozho/DataReEmulation/CMSSW_10_1_5/src/XeXe/crab_20180926_204503/inputs/PSet.py
DEBUG 2018-09-26 20:45:11,389: 	 The following EDM output files will be collected: []
DEBUG 2018-09-26 20:45:11,389: 	 The following TFile output files will be collected: ['L1Ntuple.root']
DEBUG 2018-09-26 20:45:11,389: 	 The following user output files will be collected: ['XeXeL1Ntuple.root']
DEBUG 2018-09-26 20:45:11,389: 	 Loading required information from the environment
DEBUG 2018-09-26 20:45:11,389: 	 Found CMSSW_10_1_5 for slc6_amd64_gcc630 with base /afs/cern.ch/work/s/szhaozho/DataReEmulation/CMSSW_10_1_5
DEBUG 2018-09-26 20:45:11,389: 	 Making tarball in /afs/cern.ch/work/s/szhaozho/DataReEmulation/CMSSW_10_1_5/src/XeXe/crab_20180926_204503/inputs/e4bd4c89-e348-4738-9387-17f4fe185b28default.tgz
DEBUG 2018-09-26 20:45:11,427: 	 Checking directory /afs/cern.ch/work/s/szhaozho/DataReEmulation/CMSSW_10_1_5/lib
DEBUG 2018-09-26 20:45:11,427: 	 Adding directory /afs/cern.ch/work/s/szhaozho/DataReEmulation/CMSSW_10_1_5/lib to tarball
DEBUG 2018-09-26 20:45:14,771: 	 Checking directory /afs/cern.ch/work/s/szhaozho/DataReEmulation/CMSSW_10_1_5/biglib
DEBUG 2018-09-26 20:45:14,771: 	 Adding directory /afs/cern.ch/work/s/szhaozho/DataReEmulation/CMSSW_10_1_5/biglib to tarball
DEBUG 2018-09-26 20:45:14,781: 	 Checking directory /afs/cern.ch/work/s/szhaozho/DataReEmulation/CMSSW_10_1_5/module
DEBUG 2018-09-26 20:45:14,836: 	 Adding data directory /afs/cern.ch/work/s/szhaozho/DataReEmulation/CMSSW_10_1_5/src/DataFormats/L1TMuon/interface to tarball
DEBUG 2018-09-26 20:45:14,872: 	 Adding data directory /afs/cern.ch/work/s/szhaozho/DataReEmulation/CMSSW_10_1_5/src/DataFormats/L1Trigger/interface to tarball
DEBUG 2018-09-26 20:45:14,891: 	 Adding data directory /afs/cern.ch/work/s/szhaozho/DataReEmulation/CMSSW_10_1_5/src/EventFilter/L1TRawToDigi/interface to tarball
DEBUG 2018-09-26 20:45:14,922: 	 Adding data directory /afs/cern.ch/work/s/szhaozho/DataReEmulation/CMSSW_10_1_5/src/L1Trigger/L1TCalorimeter/interface to tarball
DEBUG 2018-09-26 20:45:14,992: 	 Adding data directory /afs/cern.ch/work/s/szhaozho/DataReEmulation/CMSSW_10_1_5/src/L1Trigger/L1TCalorimeter/data to tarball
DEBUG 2018-09-26 20:45:20,031: 	 Adding data directory /afs/cern.ch/work/s/szhaozho/DataReEmulation/CMSSW_10_1_5/src/L1Trigger/L1TMuonOverlap/interface to tarball
DEBUG 2018-09-26 20:45:20,048: 	 Adding data directory /afs/cern.ch/work/s/szhaozho/DataReEmulation/CMSSW_10_1_5/src/L1Trigger/L1TNtuples/interface to tarball
DEBUG 2018-09-26 20:45:20,081: 	 Adding data directory /afs/cern.ch/work/s/szhaozho/DataReEmulation/CMSSW_10_1_5/src/L1Trigger/L1TCommon/interface to tarball
DEBUG 2018-09-26 20:45:20,098: 	 Adding data directory /afs/cern.ch/work/s/szhaozho/DataReEmulation/CMSSW_10_1_5/src/L1Trigger/L1TMuon/interface to tarball
DEBUG 2018-09-26 20:45:20,118: 	 Adding data directory /afs/cern.ch/work/s/szhaozho/DataReEmulation/CMSSW_10_1_5/src/L1Trigger/L1TMuon/data to tarball
DEBUG 2018-09-26 20:45:23,435: 	 Adding data directory /afs/cern.ch/work/s/szhaozho/DataReEmulation/CMSSW_10_1_5/src/CommonTools/CandAlgos/interface to tarball
DEBUG 2018-09-26 20:45:23,449: 	 Adding data directory /afs/cern.ch/work/s/szhaozho/DataReEmulation/CMSSW_10_1_5/src/CommonTools/CandUtils/interface to tarball
DEBUG 2018-09-26 20:45:23,464: 	 Adding data directory /afs/cern.ch/work/s/szhaozho/DataReEmulation/CMSSW_10_1_5/src/CommonTools/Clustering1D/interface to tarball
DEBUG 2018-09-26 20:45:23,475: 	 Adding data directory /afs/cern.ch/work/s/szhaozho/DataReEmulation/CMSSW_10_1_5/src/CommonTools/ConditionDBWriter/interface to tarball
DEBUG 2018-09-26 20:45:23,479: 	 Adding data directory /afs/cern.ch/work/s/szhaozho/DataReEmulation/CMSSW_10_1_5/src/CommonTools/ParticleFlow/interface to tarball
DEBUG 2018-09-26 20:45:23,500: 	 Adding data directory /afs/cern.ch/work/s/szhaozho/DataReEmulation/CMSSW_10_1_5/src/CommonTools/PileupAlgos/interface to tarball
DEBUG 2018-09-26 20:45:23,509: 	 Adding data directory /afs/cern.ch/work/s/szhaozho/DataReEmulation/CMSSW_10_1_5/src/CommonTools/RecoAlgos/interface to tarball
DEBUG 2018-09-26 20:45:23,528: 	 Adding data directory /afs/cern.ch/work/s/szhaozho/DataReEmulation/CMSSW_10_1_5/src/CommonTools/RecoUtils/interface to tarball
DEBUG 2018-09-26 20:45:23,538: 	 Adding data directory /afs/cern.ch/work/s/szhaozho/DataReEmulation/CMSSW_10_1_5/src/CommonTools/Statistics/interface to tarball
DEBUG 2018-09-26 20:45:23,550: 	 Adding data directory /afs/cern.ch/work/s/szhaozho/DataReEmulation/CMSSW_10_1_5/src/CommonTools/TrackerMap/data to tarball
DEBUG 2018-09-26 20:45:23,828: 	 Adding data directory /afs/cern.ch/work/s/szhaozho/DataReEmulation/CMSSW_10_1_5/src/CommonTools/TrackerMap/interface to tarball
DEBUG 2018-09-26 20:45:23,836: 	 Adding data directory /afs/cern.ch/work/s/szhaozho/DataReEmulation/CMSSW_10_1_5/src/CommonTools/TriggerUtils/interface to tarball
DEBUG 2018-09-26 20:45:23,845: 	 Adding data directory /afs/cern.ch/work/s/szhaozho/DataReEmulation/CMSSW_10_1_5/src/CommonTools/UtilAlgos/interface to tarball
DEBUG 2018-09-26 20:45:23,887: 	 Adding data directory /afs/cern.ch/work/s/szhaozho/DataReEmulation/CMSSW_10_1_5/src/CommonTools/Utils/interface to tarball
DEBUG 2018-09-26 20:45:24,294: 	 Adding data directory /afs/cern.ch/work/s/szhaozho/DataReEmulation/CMSSW_10_1_5/src/Bfinder/Bfinder/interface to tarball
DEBUG 2018-09-26 20:45:24,536: 	 Adding data directory /afs/cern.ch/work/s/szhaozho/DataReEmulation/CMSSW_10_1_5/src/HeavyIonsAnalysis/Configuration/data to tarball
DEBUG 2018-09-26 20:45:24,555: 	 Adding data directory /afs/cern.ch/work/s/szhaozho/DataReEmulation/CMSSW_10_1_5/src/HeavyIonsAnalysis/EventAnalysis/interface to tarball
DEBUG 2018-09-26 20:45:24,582: 	 Adding data directory /afs/cern.ch/work/s/szhaozho/DataReEmulation/CMSSW_10_1_5/src/HeavyIonsAnalysis/JetAnalysis/data to tarball
DEBUG 2018-09-26 20:45:25,000: 	 Adding data directory /afs/cern.ch/work/s/szhaozho/DataReEmulation/CMSSW_10_1_5/src/HeavyIonsAnalysis/JetAnalysis/interface to tarball
DEBUG 2018-09-26 20:45:25,029: 	 Adding data directory /afs/cern.ch/work/s/szhaozho/DataReEmulation/CMSSW_10_1_5/src/HeavyIonsAnalysis/MuonAnalysis/interface to tarball
DEBUG 2018-09-26 20:45:25,060: 	 Adding data directory /afs/cern.ch/work/s/szhaozho/DataReEmulation/CMSSW_10_1_5/src/HeavyIonsAnalysis/MuonAnalysis/MuonAssociators/interface to tarball
DEBUG 2018-09-26 20:45:25,090: 	 Adding data directory /afs/cern.ch/work/s/szhaozho/DataReEmulation/CMSSW_10_1_5/src/HeavyIonsAnalysis/TrackAnalysis/interface to tarball
DEBUG 2018-09-26 20:45:25,096: 	 Adding data directory /afs/cern.ch/work/s/szhaozho/DataReEmulation/CMSSW_10_1_5/src/HeavyIonsAnalysis/VertexAnalysis/interface to tarball
DEBUG 2018-09-26 20:45:25,631: 	 Uploading archive /afs/cern.ch/work/s/szhaozho/DataReEmulation/CMSSW_10_1_5/src/XeXe/crab_20180926_204503/inputs/e4bd4c89-e348-4738-9387-17f4fe185b28default.tgz (27 MB) to the CRAB cache. Using URI https://cmsweb.cern.ch/crabcache
DEBUG 2018-09-26 20:45:39,515: 	 Loading required information from the environment
DEBUG 2018-09-26 20:45:39,516: 	 Found CMSSW_10_1_5 for slc6_amd64_gcc630 with base /afs/cern.ch/work/s/szhaozho/DataReEmulation/CMSSW_10_1_5
DEBUG 2018-09-26 20:45:39,516: 	 Making tarball in /afs/cern.ch/work/s/szhaozho/DataReEmulation/CMSSW_10_1_5/src/XeXe/crab_20180926_204503/inputs/debugFiles.tgz
DEBUG 2018-09-26 20:45:39,520: 	 Uploading archive /afs/cern.ch/work/s/szhaozho/DataReEmulation/CMSSW_10_1_5/src/XeXe/crab_20180926_204503/inputs/debugFiles.tgz (1 KB) to the CRAB cache. Using URI https://cmsweb.cern.ch/crabcache
DEBUG 2018-09-26 20:45:40,521: 	 Result uploading input files: 9663e0387fbc488e677b9bde3de771dbbae1f522ec8ec8bf8386198559eedf1d.tar.gz 
INFO 2018-09-26 20:45:40,522: 	 Sending the request to the server
DEBUG 2018-09-26 20:45:40,522: 	 Submitting {'maxjobruntime': 1250, 'extrajdl': [], 'ignorelocality': 0, 'savelogsflag': 0, 'useparent': 0, 'asyncdest': 'T2_US_MIT', 'algoargs': 1, 'cachefilename': '9663e0387fbc488e677b9bde3de771dbbae1f522ec8ec8bf8386198559eedf1d.tar.gz', 'numcores': 1, 'addoutputfiles': ['XeXeL1Ntuple.root'], 'generator': 'pythia', 'maxmemory': 4000, 'publishdbsurl': 'https://cmsweb.cern.ch/dbs/prod/phys03/DBSWriter', 'priority': 10, 'jobsw': 'CMSSW_10_1_5', 'edmoutfiles': [], 'userfiles': [], 'primarydataset': '', 'inputdata': '/HIZeroBias/XeXeRun2017-v1/RAW', 'lfn': '/store/group/phys_heavyions/zshi/MBTrigger/L1NutpleXeXeZB', 'dryrun': 0, 'workflow': 'crab_20180926_204503', 'sitewhitelist': ['T2_US_MIT', 'T2_DE_RWTH', 'T2_UK_London_Brunel', 'T2_FR_GRIF_LLR', 'T2_US_Nebraska', 'T2_CH_CERN', 'T2_US_Vanderbilt', 'T2_US_Purdue'], 'runs': ['304878', '304879', '304880'], 'lumis': ['1,268435455', '1,268435455', '1,268435455'], 'nonprodsw': 0, 'tfileoutfiles': ['L1Ntuple.root'], 'oneEventMode': 0, 'debugfilename': '3fc876e5977f70b878c8422bc8c72d95b08871e1047496af2e2dd5e5bcb19768.tar.gz', 'cacheurl': u'https://cmsweb.cern.ch/crabcache', 'saveoutput': 1, 'publication': 0, 'jobarch': 'slc6_amd64_gcc630', 'totalunits': -1, 'splitalgo': 'EventAwareLumiBased', 'ignoreglobalblacklist': 0, 'nonvaliddata': 0, 'dbsurl': 'https://cmsweb.cern.ch/dbs/prod/global/DBSReader', 'publishgroupname': 0, 'jobtype': 'Analysis', 'publishname2': 'XeXeZB'} 
DEBUG 2018-09-26 20:45:40,522: 	 Encoded submit request: maxjobruntime=1250&ignorelocality=0&savelogsflag=0&useparent=0&asyncdest=T2_US_MIT&algoargs=1&cachefilename=9663e0387fbc488e677b9bde3de771dbbae1f522ec8ec8bf8386198559eedf1d.tar.gz&numcores=1&generator=pythia&maxmemory=4000&publishdbsurl=https%3A%2F%2Fcmsweb.cern.ch%2Fdbs%2Fprod%2Fphys03%2FDBSWriter&priority=10&jobsw=CMSSW_10_1_5&primarydataset=&inputdata=%2FHIZeroBias%2FXeXeRun2017-v1%2FRAW&lfn=%2Fstore%2Fgroup%2Fphys_heavyions%2Fzshi%2FMBTrigger%2FL1NutpleXeXeZB&dryrun=0&workflow=crab_20180926_204503&nonprodsw=0&oneEventMode=0&debugfilename=3fc876e5977f70b878c8422bc8c72d95b08871e1047496af2e2dd5e5bcb19768.tar.gz&cacheurl=https%3A%2F%2Fcmsweb.cern.ch%2Fcrabcache&saveoutput=1&publication=0&jobarch=slc6_amd64_gcc630&totalunits=-1&splitalgo=EventAwareLumiBased&ignoreglobalblacklist=0&nonvaliddata=0&dbsurl=https%3A%2F%2Fcmsweb.cern.ch%2Fdbs%2Fprod%2Fglobal%2FDBSReader&publishgroupname=0&jobtype=Analysis&publishname2=XeXeZB&addoutputfiles=XeXeL1Ntuple.root&sitewhitelist=T2_US_MIT&sitewhitelist=T2_DE_RWTH&sitewhitelist=T2_UK_London_Brunel&sitewhitelist=T2_FR_GRIF_LLR&sitewhitelist=T2_US_Nebraska&sitewhitelist=T2_CH_CERN&sitewhitelist=T2_US_Vanderbilt&sitewhitelist=T2_US_Purdue&tfileoutfiles=L1Ntuple.root&runs=304878&runs=304879&runs=304880&lumis=1%2C268435455&lumis=1%2C268435455&lumis=1%2C268435455
DEBUG 2018-09-26 20:45:41,796: 	 Result: {u'result': [{u'RequestName': u'180926_184541:szhaozho_crab_20180926_204503'}]}
INFO 2018-09-26 20:45:41,799: 	 Success: Your task has been delivered to the CRAB3 server.
INFO 2018-09-26 20:45:41,799: 	 Task name: 180926_184541:szhaozho_crab_20180926_204503
INFO 2018-09-26 20:45:41,799: 	 Please use 'crab status' to check how the submission process proceeds.
DEBUG 2018-09-26 20:45:41,799: 	 About to return
INFO 2018-09-26 20:45:41,802: 	 Log file is /afs/cern.ch/work/s/szhaozho/DataReEmulation/CMSSW_10_1_5/src/XeXe/crab_20180926_204503/crab.log
DEBUG 2018-09-26 20:56:35,796: 	 Executing command: 'status'
DEBUG 2018-09-26 20:56:35,802: 	 Found CRAB cache file /afs/cern.ch/user/s/szhaozho/.crab3
DEBUG 2018-09-26 20:56:35,809: 	 Checking credentials
DEBUG 2018-09-26 20:56:35,811: 	 Found proxy file /tmp/x509up_u97569
DEBUG 2018-09-26 20:56:35,811: 	 Getting proxy life time left
DEBUG 2018-09-26 20:56:36,618: 	 Executing : 
 command : voms-proxy-info -file /tmp/x509up_u97569 -timeleft
 output : 689188

 error: 
 retcode : 0
DEBUG 2018-09-26 20:56:37,324: 	 Executing : 
 command : voms-proxy-info -file /tmp/x509up_u97569 -actimeleft
 output : 689187

 error: 
 retcode : 0
DEBUG 2018-09-26 20:56:37,324: 	 Proxy valid for 191:26:28 hours
DEBUG 2018-09-26 20:56:37,438: 	 Executing : 
 command : openssl x509 -in ~/.globus/usercert.pem -subject -noout
 output : subject= /DC=ch/DC=cern/OU=Organic Units/OU=Users/CN=szhaozho/CN=814893/CN=Zhaozhong Shi

 error: 
 retcode : 0
DEBUG 2018-09-26 20:56:37,438: 	 Checking credentials
DEBUG 2018-09-26 20:56:37,439: 	 Found proxy file /tmp/x509up_u97569
DEBUG 2018-09-26 20:56:37,439: 	 Getting proxy life time left
DEBUG 2018-09-26 20:56:38,147: 	 Executing : 
 command : voms-proxy-info -file /tmp/x509up_u97569 -timeleft
 output : 689186

 error: 
 retcode : 0
DEBUG 2018-09-26 20:56:38,854: 	 Executing : 
 command : voms-proxy-info -file /tmp/x509up_u97569 -actimeleft
 output : 689186

 error: 
 retcode : 0
DEBUG 2018-09-26 20:56:38,854: 	 Proxy valid for 191:26:26 hours
DEBUG 2018-09-26 20:56:39,951: 	 Registering user credentials for server /DC=ch/DC=cern/OU=computers/CN=vocms(052|031|0118|0105|0109).cern.ch|/DC=ch/DC=cern/OU=computers/CN=crab-(preprod|prod)-tw(02|01).cern.ch
DEBUG 2018-09-26 20:56:40,060: 	 Executing : 
 command : openssl x509 -in ~/.globus/usercert.pem -subject -noout
 output : subject= /DC=ch/DC=cern/OU=Organic Units/OU=Users/CN=szhaozho/CN=814893/CN=Zhaozhong Shi

 error: 
 retcode : 0
DEBUG 2018-09-26 20:56:40,060: 	 Getting myproxy life time left for myproxy.cern.ch
DEBUG 2018-09-26 20:56:40,060: 	 Calculating hash of /DC=ch/DC=cern/OU=Organic Units/OU=Users/CN=szhaozho/CN=814893/CN=Zhaozhong Shi_cmsweb.cern.ch for credential name
DEBUG 2018-09-26 20:56:40,364: 	 Executing : 
 command : myproxy-info -l 7b00d42b83b38dab118b5c0b64b86724cb6e0414 -s myproxy.cern.ch
 output : username: 7b00d42b83b38dab118b5c0b64b86724cb6e0414
owner: /DC=ch/DC=cern/OU=Organic Units/OU=Users/CN=szhaozho/CN=814893/CN=Zhaozhong Shi
  renewal policy: /DC=ch/DC=cern/OU=computers/CN=vocms(052|031|0118|0105|0109).cern.ch|/DC=ch/DC=cern/OU=computers/CN=crab-(preprod|prod)-tw(02|01).cern.ch
  trusted retrieval policy: /DC=ch/DC=cern/OU=computers/CN=vocms(052|031|0118|0105|0109).cern.ch|/DC=ch/DC=cern/OU=computers/CN=crab-(preprod|prod)-tw(02|01).cern.ch
  timeleft: 544:10:50  (22.7 days)

 error: 
 retcode : 0
DEBUG 2018-09-26 20:56:40,366: 	 Myproxy is valid: 1959050
DEBUG 2018-09-26 20:56:40,366: 	 Command use: status
DEBUG 2018-09-26 20:56:40,366: 	 Options use: []
DEBUG 2018-09-26 20:56:41,312: 	 CRABClient version: 3.3.1809
DEBUG 2018-09-26 20:56:41,312: 	 Instance is prod
DEBUG 2018-09-26 20:56:41,312: 	 Server base url is cmsweb.cern.ch
DEBUG 2018-09-26 20:56:41,312: 	 Command url /crabserver/prod/workflow
DEBUG 2018-09-26 20:56:42,305: 	 Got information from server oracle database: {u'result': [u'180926_184541:szhaozho_crab_20180926_204503', u'None', u'None', u'SUBMITTED', u'SUBMIT', u'2018-09-26 18:45:41.784257', u'None', u'2018-09-26 18:46:08.920775', u'None', u'CMSSW_10_1_5', u'slc6_amd64_gcc630', u'/HIZeroBias/XeXeRun2017-v1/RAW', u'F', u'0', u"['T2_US_MIT', 'T2_DE_RWTH', 'T2_UK_London_Brunel', 'T2_CH_CERN', 'T2_US_Purdue', 'T2_FR_GRIF_LLR', 'T2_US_Nebraska', 'T2_US_Vanderbilt']", u'[]', u'EventAwareLumiBased', u"{'splitOnRun': False, 'events_per_job': 1, 'halt_job_on_file_boundaries': False, 'runs': ['304878', '304879', '304880'], 'lumis': ['1,268435455', '1,268435455', '1,268435455']}", u'9663e0387fbc488e677b9bde3de771dbbae1f522ec8ec8bf8386198559eedf1d.tar.gz', u'https://cmsweb.cern.ch/crabcache', u'szhaozho', u'/DC=ch/DC=cern/OU=Organic Units/OU=Users/CN=szhaozho/CN=814893/CN=Zhaozhong Shi', u'cms', u'None', u'None', u'XeXeZB-00000000000000000000000000000000', u'F', u'T2_US_MIT', u'https://cmsweb.cern.ch/dbs/prod/global/DBSReader', u'https://cmsweb.cern.ch/dbs/prod/phys03/DBSWriter', u'F', u"['XeXeL1Ntuple.root']", u"['L1Ntuple.root']", u'[]', u'Analysis', u'pythia', u'None', u'{}', u'[]', u'F', u'crab-prod-tw01', u'[]', u'1250', u'1', u'4000', u'10', u'None', u'["Some blocks from dataset \'/HIZeroBias/XeXeRun2017-v1/RAW\' were skipped  because they are only present at blacklisted sites.\\n List is: [\'/HIZeroBias/XeXeRun2017-v1/RAW#328f5c36-af36-11e7-ae47-001e67ac06a0\'].\\n Global CRAB3 blacklist is set([u\'T2_TR_METU\', u\'T3_RU_FIAN\', u\'T3_US_MIT\', u\'T3_UK_London_UCL\', u\'T3_US_UCD\', u\'T3_CO_Uniandes\', u\'T3_US_NU\', u\'T3_US_NotreDame\', u\'T3_IN_PUHEP\', u\'T3_UK_ScotGrid_ECDF\', u\'T3_BY_NCPHEP\', u\'T2_CH_CERN_HLT\', u\'T3_CH_CERN_HelixNebula\', u\'T3_IN_TIFRCloud\', u\'T0_CH_CERN\', u\'T3_GR_IASA\', u\'T3_CN_PKU\', u\'T0_CH_CSCS_HPC\', u\'T3_IR_IPM\', u\'T3_US_JHU\', u\'T3_US_Kansas\', u\'T3_US_FSU\', u\'T3_KR_UOS\', u\'T3_CH_PSI\']).\\n User whitelist is set([u\'T2_US_Vanderbilt\', u\'T2_US_MIT\', u\'T2_DE_RWTH\', u\'T2_UK_London_Brunel\', u\'T2_US_Purdue\', u\'T2_FR_GRIF_LLR\', u\'T2_US_Nebraska\', u\'T2_CH_CERN\']).\\n Dataset processing will be incomplete because 1 (out of 2) blocks are only present at blacklisted site(s)", \'Task requests 4000 MB of memory, but only 2500 MB are guaranteed to be available. Jobs may not find a site where to run and stay idle forever.\']', u'http://vocms0195.cern.ch/mon/cms1782/180926_184541:szhaozho_crab_20180926_204503', u'None', u'[]', u'[]', u'https://cmsweb.cern.ch/crabserver/prod', u'cmsgwms-collector-global.cern.ch:9620,cmssrv221.fnal.gov:9620', u'crab3@vocms0195.cern.ch', u'F', u'[]', u'T', u'/store/group/phys_heavyions/zshi/MBTrigger/L1NutpleXeXeZB', u'F', u'None', u'F', u'None', u'HIZeroBias', u'None', u'3fc876e5977f70b878c8422bc8c72d95b08871e1047496af2e2dd5e5bcb19768.tar.gz', u'26657545', u'filetransfers', u'F', u'137.138.121.38', u'-1.0', u'None'], u'desc': {u'columns': [u'tm_taskname', u'tm_activity', u'panda_jobset_id', u'tm_task_status', u'tm_task_command', u'tm_start_time', u'tm_start_injection', u'tm_end_injection', u'tm_task_failure', u'tm_job_sw', u'tm_job_arch', u'tm_input_dataset', u'tm_nonvalid_input_dataset', u'tm_use_parent', u'tm_site_whitelist', u'tm_site_blacklist', u'tm_split_algo', u'tm_split_args', u'tm_user_sandbox', u'tm_cache_url', u'tm_username', u'tm_user_dn', u'tm_user_vo', u'tm_user_role', u'tm_user_group', u'tm_publish_name', u'tm_publish_groupname', u'tm_asyncdest', u'tm_dbs_url', u'tm_publish_dbs_url', u'tm_publication', u'tm_outfiles', u'tm_tfile_outfiles', u'tm_edm_outfiles', u'tm_job_type', u'tm_generator', u'tm_events_per_lumi', u'tm_arguments', u'panda_resubmitted_jobs', u'tm_save_logs', u'tw_name', u'tm_user_infiles', u'tm_maxjobruntime', u'tm_numcores', u'tm_maxmemory', u'tm_priority', u'tm_output_dataset', u'tm_task_warnings', u'tm_user_webdir', u'tm_scriptexe', u'tm_scriptargs', u'tm_extrajdl', u'tm_asourl', u'tm_collector', u'tm_schedd', u'tm_dry_run', u'tm_user_files', u'tm_transfer_outputs', u'tm_output_lfn', u'tm_ignore_locality', u'tm_fail_limit', u'tm_one_event_mode', u'tm_secondary_input_dataset', u'tm_primary_dataset', u'tm_last_publication', u'tm_debug_files', u'clusterid', u'tm_asodb', u'tm_ignore_global_blacklist', u'tm_submitter_ip_addr', u'tm_totalunits', u'tm_ddm_reqid']}}
INFO 2018-09-26 20:56:42,306: 	 CRAB project directory:		/afs/cern.ch/work/s/szhaozho/DataReEmulation/CMSSW_10_1_5/src/XeXe/crab_20180926_204503
INFO 2018-09-26 20:56:42,306: 	 Task name:			180926_184541:szhaozho_crab_20180926_204503
INFO 2018-09-26 20:56:42,306: 	 Grid scheduler - Task Worker:	crab3@vocms0195.cern.ch - crab-prod-tw01
INFO 2018-09-26 20:56:42,306: 	 Status on the CRAB server:	SUBMITTED
INFO 2018-09-26 20:56:42,306: 	 Task URL to use for HELP:	https://cmsweb.cern.ch/crabserver/ui/task/180926_184541%3Aszhaozho_crab_20180926_204503
INFO 2018-09-26 20:56:42,306: 	 Dashboard monitoring URL:	http://dashb-cms-job.cern.ch/dashboard/templates/task-analysis/#user=szhaozho&refresh=0&table=Jobs&p=1&records=25&activemenu=2&status=&site=&tid=180926_184541%3Aszhaozho_crab_20180926_204503
WARNING 2018-09-26 20:56:42,306: 	 Warning:			Some blocks from dataset '/HIZeroBias/XeXeRun2017-v1/RAW' were skipped  because they are only present at blacklisted sites.
				 List is: ['/HIZeroBias/XeXeRun2017-v1/RAW#328f5c36-af36-11e7-ae47-001e67ac06a0'].
				 Global CRAB3 blacklist is set([u'T2_TR_METU', u'T3_RU_FIAN', u'T3_US_MIT', u'T3_UK_London_UCL', u'T3_US_UCD', u'T3_CO_Uniandes', u'T3_US_NU', u'T3_US_NotreDame', u'T3_IN_PUHEP', u'T3_UK_ScotGrid_ECDF', u'T3_BY_NCPHEP', u'T2_CH_CERN_HLT', u'T3_CH_CERN_HelixNebula', u'T3_IN_TIFRCloud', u'T0_CH_CERN', u'T3_GR_IASA', u'T3_CN_PKU', u'T0_CH_CSCS_HPC', u'T3_IR_IPM', u'T3_US_JHU', u'T3_US_Kansas', u'T3_US_FSU', u'T3_KR_UOS', u'T3_CH_PSI']).
				 User whitelist is set([u'T2_US_Vanderbilt', u'T2_US_MIT', u'T2_DE_RWTH', u'T2_UK_London_Brunel', u'T2_US_Purdue', u'T2_FR_GRIF_LLR', u'T2_US_Nebraska', u'T2_CH_CERN']).
				 Dataset processing will be incomplete because 1 (out of 2) blocks are only present at blacklisted site(s)
WARNING 2018-09-26 20:56:42,306: 	 Warning:			Task requests 4000 MB of memory, but only 2500 MB are guaranteed to be available. Jobs may not find a site where to run and stay idle forever.
DEBUG 2018-09-26 20:56:42,306: 	 The CRAB server submitted your task to the Grid scheduler (cluster ID: 26657545)
DEBUG 2018-09-26 20:56:42,307: 	 Webdir is located at http://vocms0195.cern.ch/mon/cms1782/180926_184541:szhaozho_crab_20180926_204503
DEBUG 2018-09-26 20:56:43,839: 	 Proxied webdir is located at https://cmsweb.cern.ch/scheddmon/0195/cms1782/180926_184541:szhaozho_crab_20180926_204503
DEBUG 2018-09-26 20:56:43,840: 	 Retrieving 'status_cache' file from https://cmsweb.cern.ch/scheddmon/0195/cms1782/180926_184541:szhaozho_crab_20180926_204503/status_cache
DEBUG 2018-09-26 20:56:44,732: 	 Got information from status cache file: {'1': {'Retries': 0, 'WallDurations': [9.0, 226.82173705101013], 'StartTimes': [1537987714.0], 'SubmitTimes': [1537987581.0], 'JobIds': ['26657547.0'], 'EndTimes': [], 'Restarts': 0, 'RecordedSite': True, 'State': 'running', 'ResidentSetSize': [3020], 'TotalUserCpuTimeHistory': [0.0], 'SiteHistory': ['Unknown', 'T2_US_Florida'], 'TotalSysCpuTimeHistory': [0.0]}}
INFO 2018-09-26 20:56:44,732: 	 Status on the scheduler:	SUBMITTED
INFO 2018-09-26 20:56:44,732: 	 
Jobs status:                    running       		 100.0% (1/1)
INFO 2018-09-26 20:56:44,732: 	 
No publication information (publication has been disabled in the CRAB configuration file)
INFO 2018-09-26 20:56:44,851: 	 Log file is /afs/cern.ch/work/s/szhaozho/DataReEmulation/CMSSW_10_1_5/src/XeXe/crab_20180926_204503/crab.log
