DEBUG 2018-10-03 17:27:02,434: 	 Executing command: 'submit'
DEBUG 2018-10-03 17:27:02,435: 	 Found CRAB cache file /afs/cern.ch/user/s/szhaozho/.crab3
DEBUG 2018-10-03 17:27:02,464: 	 Checking credentials
DEBUG 2018-10-03 17:27:02,468: 	 Found proxy file /tmp/x509up_u97569
DEBUG 2018-10-03 17:27:02,468: 	 Getting proxy life time left
DEBUG 2018-10-03 17:27:03,997: 	 Executing : 
 command : voms-proxy-info -file /tmp/x509up_u97569 -timeleft
 output : 689570

 error: 
 retcode : 0
DEBUG 2018-10-03 17:27:05,521: 	 Executing : 
 command : voms-proxy-info -file /tmp/x509up_u97569 -actimeleft
 output : 689568

 error: 
 retcode : 0
DEBUG 2018-10-03 17:27:05,522: 	 Proxy valid for 191:32:50 hours
INFO 2018-10-03 17:27:05,522: 	 Will use CRAB configuration file crabConfig_TEMPLATE.py
DEBUG 2018-10-03 17:27:05,523: 	 Loading CRAB configuration file.
ERROR 2018-10-03 17:27:05,530: 	 Error while loading CRAB configuration:
EOL while scanning string literal (crabConfig_TEMPLATE.py, line 27)
Please refer to https://twiki.cern.ch/twiki/bin/view/CMSPublic/CRAB3CommonErrors#Syntax_error_in_CRAB_configurati
See the ./crab.log file for more details.
The documentation about the CRAB configuration file can be found in https://twiki.cern.ch/twiki/bin/view/CMSPublic/CRAB3ConfigurationFile
ERROR 2018-10-03 17:27:05,530: 	 Caught exception
Traceback (most recent call last):
  File "/cvmfs/cms.cern.ch/crab3/slc6_amd64_gcc493/cms/crabclient/3.3.1809-comp/bin/crab", line 160, in <module>
    client()
  File "/cvmfs/cms.cern.ch/crab3/slc6_amd64_gcc493/cms/crabclient/3.3.1809-comp/bin/crab", line 146, in __call__
    self.cmd = sub_cmd(self.logger, args[1:])
  File "/cvmfs/cms.cern.ch/crab3/slc6_amd64_gcc493/cms/crabclient/3.3.1809-comp/lib/python2.7/site-packages/CRABClient/Commands/submit.py", line 34, in __init__
    SubCommand.__init__(self, logger, cmdargs, disable_interspersed_args=True)
  File "/cvmfs/cms.cern.ch/crab3/slc6_amd64_gcc493/cms/crabclient/3.3.1809-comp/lib/python2.7/site-packages/CRABClient/Commands/SubCommand.py", line 303, in __init__
    self.loadConfig(self.options.config, self.args)
  File "/cvmfs/cms.cern.ch/crab3/slc6_amd64_gcc493/cms/crabclient/3.3.1809-comp/lib/python2.7/site-packages/CRABClient/Commands/SubCommand.py", line 84, in loadConfig
    raise ConfigurationException(configmsg)
ConfigurationException: Error while loading CRAB configuration:
EOL while scanning string literal (crabConfig_TEMPLATE.py, line 27)
Please refer to https://twiki.cern.ch/twiki/bin/view/CMSPublic/CRAB3CommonErrors#Syntax_error_in_CRAB_configurati
See the ./crab.log file for more details.
The documentation about the CRAB configuration file can be found in https://twiki.cern.ch/twiki/bin/view/CMSPublic/CRAB3ConfigurationFile
